<?xml version="1.0" encoding="UTF-8"?>
<!-- Generated by org.testng.reporters.JUnitXMLReporter -->
<testsuite ignored="7" hostname="DESKTOP-R0F08T0" failures="0" tests="1" name="Default test" time="7.582" errors="0" timestamp="2022-01-30T00:16:30 IST">
  <testcase classname="stringProgramming.NumberProgrmming" name="fibonaci" time="7.553"/>
  <testcase classname="stringProgramming.NumberProgrmming" name="perfectno" time="0.0">
    <ignored/>
  </testcase> <!-- perfectno -->
  <testcase classname="stringProgramming.NumberProgrmming" name="sumOfEachdigitno" time="0.0">
    <ignored/>
  </testcase> <!-- sumOfEachdigitno -->
  <testcase classname="stringProgramming.NumberProgrmming" name="prime" time="0.0">
    <ignored/>
  </testcase> <!-- prime -->
  <testcase classname="stringProgramming.NumberProgrmming" name="swapToNumber" time="0.0">
    <ignored/>
  </testcase> <!-- swapToNumber -->
  <testcase classname="stringProgramming.NumberProgrmming" name="reverseNo" time="0.0">
    <ignored/>
  </testcase> <!-- reverseNo -->
  <testcase classname="stringProgramming.NumberProgrmming" name="swapToNumberWithoutUsing3rdVariable" time="0.0">
    <ignored/>
  </testcase> <!-- swapToNumberWithoutUsing3rdVariable -->
  <testcase classname="stringProgramming.NumberProgrmming" name="factorial" time="0.0">
    <ignored/>
  </testcase> <!-- factorial -->
</testsuite> <!-- Default test -->
